<?xml version="1.0" encoding="UTF-8"?>
<!-- Generated by org.testng.reporters.JUnitReportReporter -->
<testsuite hostname="DESKTOP-MOFPJUL" failures="0" tests="2" name="Seleniumlearning.Manasaproject.ProjectTestNG" time="31.330" errors="0" timestamp="2025-03-03T10:23:17 IST" skipped="0">
  <testcase classname="Seleniumlearning.Manasaproject.ProjectTestNG" name="submitOrder" time="16.323"/>
  <testcase classname="Seleniumlearning.Manasaproject.ProjectTestNG" name="submitOrder" time="15.007"/>
</testsuite> <!-- Seleniumlearning.Manasaproject.ProjectTestNG -->
