<?xml version="1.0" encoding="UTF-8"?>
<!-- Generated by org.testng.reporters.JUnitReportReporter -->
<testsuite hostname="DESKTOP-MOFPJUL" failures="0" tests="2" name="Seleniumlearning.Manasaproject.ProjectTestNG" time="37.389" errors="0" timestamp="2025-03-03T13:22:29 IST" skipped="0">
  <testcase classname="Seleniumlearning.Manasaproject.ProjectTestNG" name="submitOrder" time="21.245"/>
  <testcase classname="Seleniumlearning.Manasaproject.ProjectTestNG" name="submitOrder" time="16.144"/>
</testsuite> <!-- Seleniumlearning.Manasaproject.ProjectTestNG -->
